<?xml version="1.0" encoding="UTF-8"?>
<testsuite name="Login and Checkout Flow" tests="5" skipped="0" failures="0" errors="0" timestamp="2025-08-11T08:22:30" hostname="LAPTOP-05EG2TE6" time="19.721">
  <properties/>
  <testcase name="Successful login" classname="Login and Checkout Flow" time="8.47"/>
  <testcase name="Failed login with invalid credentials" classname="Login and Checkout Flow" time="2.165"/>
  <testcase name="Logout user" classname="Login and Checkout Flow" time="3.638"/>
  <testcase name="Add product to cart" classname="Login and Checkout Flow" time="2.322"/>
  <testcase name="Successful checkout" classname="Login and Checkout Flow" time="3.126"/>
  <system-out><![CDATA[
@web
Scenario: Successful login                 # src/test/java/web/features/login_web.feature:4
  Given I am on the login page             # web.stepdefinitions.LoginWebSteps.i_am_on_the_login_page()
  When I enter valid username and password # web.stepdefinitions.LoginWebSteps.i_enter_valid_username_and_password()
  Then I should see the products page      # web.stepdefinitions.LoginWebSteps.i_should_see_the_products_page()

@web
Scenario: Failed login with invalid credentials # src/test/java/web/features/login_web.feature:9
  Given I am on the login page                  # web.stepdefinitions.LoginWebSteps.i_am_on_the_login_page()
  When I enter invalid username and password    # web.stepdefinitions.LoginWebSteps.i_enter_invalid_username_and_password()
  Then I should see an error message            # web.stepdefinitions.LoginWebSteps.i_should_see_an_error_message()

@web
Scenario: Logout user                           # src/test/java/web/features/login_web.feature:14
  Given I am logged in as a valid user          # web.stepdefinitions.LoginWebSteps.i_am_logged_in_as_a_valid_user()
  When I click logout button                    # web.stepdefinitions.LoginWebSteps.i_click_logout_button()
  Then I should be redirected to the login page # web.stepdefinitions.LoginWebSteps.i_should_be_redirected_to_the_login_page()

@web
Scenario: Add product to cart              # src/test/java/web/features/login_web.feature:19
  Given I am logged in as a valid user     # web.stepdefinitions.LoginWebSteps.i_am_logged_in_as_a_valid_user()
  When I add a product to cart             # web.stepdefinitions.LoginWebSteps.i_add_a_product_to_cart()
  Then the cart should contain the product # web.stepdefinitions.LoginWebSteps.the_cart_should_contain_the_product()

@web
Scenario: Successful checkout                      # src/test/java/web/features/login_web.feature:24
  Given I am logged in as a valid user             # web.stepdefinitions.LoginWebSteps.i_am_logged_in_as_a_valid_user()
  When I add a product to cart                     # web.stepdefinitions.LoginWebSteps.i_add_a_product_to_cart()
  And I proceed to checkout with valid information # web.stepdefinitions.LoginWebSteps.i_proceed_to_checkout_with_valid_information()
  Then I should see the order confirmation         # web.stepdefinitions.LoginWebSteps.i_should_see_the_order_confirmation()
]]></system-out>
  <system-err><![CDATA[SLF4J: No SLF4J providers were found.
SLF4J: Defaulting to no-operation (NOP) logger implementation
SLF4J: See https://www.slf4j.org/codes.html#noProviders for further details.
Aug 11, 2025 3:22:36 PM org.openqa.selenium.devtools.CdpVersionFinder findNearestMatch
WARNING: Unable to find CDP implementation matching 138
Aug 11, 2025 3:22:36 PM org.openqa.selenium.chromium.ChromiumDriver lambda$new$5
WARNING: Unable to find version of CDP to use for 138.0.7204.184. You may need to include a dependency on a specific version of the CDP using something similar to `org.seleniumhq.selenium:selenium-devtools-v86:4.21.0` where the version ("v86") matches the version of the chromium-based browser you're using and the version number of the artifact is the same as Selenium's.
Aug 11, 2025 3:22:40 PM org.openqa.selenium.devtools.CdpVersionFinder findNearestMatch
WARNING: Unable to find CDP implementation matching 138
Aug 11, 2025 3:22:40 PM org.openqa.selenium.chromium.ChromiumDriver lambda$new$5
WARNING: Unable to find version of CDP to use for 138.0.7204.184. You may need to include a dependency on a specific version of the CDP using something similar to `org.seleniumhq.selenium:selenium-devtools-v86:4.21.0` where the version ("v86") matches the version of the chromium-based browser you're using and the version number of the artifact is the same as Selenium's.
Aug 11, 2025 3:22:42 PM org.openqa.selenium.devtools.CdpVersionFinder findNearestMatch
WARNING: Unable to find CDP implementation matching 138
Aug 11, 2025 3:22:42 PM org.openqa.selenium.chromium.ChromiumDriver lambda$new$5
WARNING: Unable to find version of CDP to use for 138.0.7204.184. You may need to include a dependency on a specific version of the CDP using something similar to `org.seleniumhq.selenium:selenium-devtools-v86:4.21.0` where the version ("v86") matches the version of the chromium-based browser you're using and the version number of the artifact is the same as Selenium's.
Aug 11, 2025 3:22:46 PM org.openqa.selenium.devtools.CdpVersionFinder findNearestMatch
WARNING: Unable to find CDP implementation matching 138
Aug 11, 2025 3:22:46 PM org.openqa.selenium.chromium.ChromiumDriver lambda$new$5
WARNING: Unable to find version of CDP to use for 138.0.7204.184. You may need to include a dependency on a specific version of the CDP using something similar to `org.seleniumhq.selenium:selenium-devtools-v86:4.21.0` where the version ("v86") matches the version of the chromium-based browser you're using and the version number of the artifact is the same as Selenium's.
Aug 11, 2025 3:22:48 PM org.openqa.selenium.devtools.CdpVersionFinder findNearestMatch
WARNING: Unable to find CDP implementation matching 138
Aug 11, 2025 3:22:48 PM org.openqa.selenium.chromium.ChromiumDriver lambda$new$5
WARNING: Unable to find version of CDP to use for 138.0.7204.184. You may need to include a dependency on a specific version of the CDP using something similar to `org.seleniumhq.selenium:selenium-devtools-v86:4.21.0` where the version ("v86") matches the version of the chromium-based browser you're using and the version number of the artifact is the same as Selenium's.
]]></system-err>
</testsuite>
